<?xml version="1.0" encoding="UTF-8"?>
<testng-results ignored="0" total="1" passed="1" failed="0" skipped="0">
  <reporter-output>
  </reporter-output>
  <suite started-at="2023-10-11T13:29:05 IST" name="Default suite" finished-at="2023-10-11T13:30:15 IST" duration-ms="69892">
    <groups>
    </groups>
    <test started-at="2023-10-11T13:29:05 IST" name="Default test" finished-at="2023-10-11T13:30:15 IST" duration-ms="69892">
      <class name="Instalationbasic.Mouse1">
        <test-method signature="mouseaction()[pri:0, instance:Instalationbasic.Mouse1@71def8f8]" started-at="2023-10-11T13:29:06 IST" name="mouseaction" finished-at="2023-10-11T13:30:15 IST" duration-ms="69812" status="PASS">
          <reporter-output>
          </reporter-output>
        </test-method> <!-- mouseaction -->
      </class> <!-- Instalationbasic.Mouse1 -->
    </test> <!-- Default test -->
  </suite> <!-- Default suite -->
</testng-results>
