<?xml version="1.0" encoding="UTF-8"?>
<!-- Generated by org.testng.reporters.JUnitXMLReporter -->
<testsuite ignored="0" hostname="AgastiCafe" failures="0" tests="4" name="Test" time="137.116" errors="0" timestamp="2023-10-08T23:13:59 IST">
  <testcase classname="Instalationbasic.TestW3Schol" name="urlTest" time="0.084"/>
  <testcase classname="Instalationbasic.TestW3Schol" name="logoTest" time="0.526"/>
  <testcase classname="Instalationbasic.TestW3Schol" name="firstTryIturself" time="26.272"/>
  <testcase classname="Instalationbasic.TestW3Schol" name="mysecondurself" time="4.695"/>
</testsuite> <!-- Test -->
